{"C:\\Users\\Fiki\\Documents\\technical_test\\my_republic\\app\\Components\\Button\\Button.component.config.tsx": {"path":"C:\\Users\\Fiki\\Documents\\technical_test\\my_republic\\app\\Components\\Button\\Button.component.config.tsx","statementMap":{"0":{"start":{"line":1,"column":20},"end":{"line":1,"column":28}}},"fnMap":{},"branchMap":{},"s":{"0":1},"f":{},"b":{},"_coverageSchema":"1a1c01bbd47fc00a2c39e90264f33305004495a9","hash":"987d5551097123c0ecf884924b7990ceeb8582e3"}
,"C:\\Users\\Fiki\\Documents\\technical_test\\my_republic\\app\\Components\\Button\\Button.component.tsx": {"path":"C:\\Users\\Fiki\\Documents\\technical_test\\my_republic\\app\\Components\\Button\\Button.component.tsx","statementMap":{"0":{"start":{"line":15,"column":4},"end":{"line":15,"column":12}},"1":{"start":{"line":17,"column":15},"end":{"line":23,"column":1}},"2":{"start":{"line":18,"column":1},"end":{"line":22,"column":8}},"3":{"start":{"line":25,"column":0},"end":{"line":25,"column":40}}},"fnMap":{"0":{"name":"(anonymous_0)","decl":{"start":{"line":17,"column":15},"end":{"line":17,"column":16}},"loc":{"start":{"line":18,"column":1},"end":{"line":22,"column":8}},"line":18}},"branchMap":{},"s":{"0":1,"1":1,"2":4,"3":1},"f":{"0":4},"b":{},"_coverageSchema":"1a1c01bbd47fc00a2c39e90264f33305004495a9","hash":"b7387e81af5fec5b30fb00814737c93e78308e01"}
,"C:\\Users\\Fiki\\Documents\\technical_test\\my_republic\\app\\Components\\GeneralText\\GeneralText.component.config.tsx": {"path":"C:\\Users\\Fiki\\Documents\\technical_test\\my_republic\\app\\Components\\GeneralText\\GeneralText.component.config.tsx","statementMap":{"0":{"start":{"line":1,"column":20},"end":{"line":1,"column":33}}},"fnMap":{},"branchMap":{},"s":{"0":1},"f":{},"b":{},"_coverageSchema":"1a1c01bbd47fc00a2c39e90264f33305004495a9","hash":"ba7063502d570e88c10fc140f881bec8c6b4ef55"}
,"C:\\Users\\Fiki\\Documents\\technical_test\\my_republic\\app\\Components\\GeneralText\\GeneralText.component.tsx": {"path":"C:\\Users\\Fiki\\Documents\\technical_test\\my_republic\\app\\Components\\GeneralText\\GeneralText.component.tsx","statementMap":{"0":{"start":{"line":14,"column":4},"end":{"line":14,"column":12}},"1":{"start":{"line":21,"column":20},"end":{"line":25,"column":1}},"2":{"start":{"line":22,"column":1},"end":{"line":24,"column":8}},"3":{"start":{"line":27,"column":0},"end":{"line":27,"column":45}}},"fnMap":{"0":{"name":"(anonymous_0)","decl":{"start":{"line":21,"column":20},"end":{"line":21,"column":21}},"loc":{"start":{"line":22,"column":1},"end":{"line":24,"column":8}},"line":22}},"branchMap":{"0":{"loc":{"start":{"line":21,"column":49},"end":{"line":21,"column":63}},"type":"default-arg","locations":[{"start":{"line":21,"column":56},"end":{"line":21,"column":63}}],"line":21}},"s":{"0":1,"1":1,"2":2,"3":1},"f":{"0":2},"b":{"0":[1]},"_coverageSchema":"1a1c01bbd47fc00a2c39e90264f33305004495a9","hash":"a41abf7821e13ae3a32c43faf3ee1ce7e0e57df2"}
,"C:\\Users\\Fiki\\Documents\\technical_test\\my_republic\\app\\Constant\\Constant.tsx": {"path":"C:\\Users\\Fiki\\Documents\\technical_test\\my_republic\\app\\Constant\\Constant.tsx","statementMap":{"0":{"start":{"line":1,"column":17},"end":{"line":30,"column":1}}},"fnMap":{},"branchMap":{},"s":{"0":2},"f":{},"b":{},"_coverageSchema":"1a1c01bbd47fc00a2c39e90264f33305004495a9","hash":"fa9af7e11ab01bb4d319e18ff680e071d57f89f1"}
,"C:\\Users\\Fiki\\Documents\\technical_test\\my_republic\\app\\Constant\\index.tsx": {"path":"C:\\Users\\Fiki\\Documents\\technical_test\\my_republic\\app\\Constant\\index.tsx","statementMap":{},"fnMap":{},"branchMap":{},"s":{},"f":{},"b":{},"_coverageSchema":"1a1c01bbd47fc00a2c39e90264f33305004495a9","hash":"d5332ece1b3146fee74e3aeb59c74d441b9b3daf"}
,"C:\\Users\\Fiki\\Documents\\technical_test\\my_republic\\app\\Utils\\index.tsx": {"path":"C:\\Users\\Fiki\\Documents\\technical_test\\my_republic\\app\\Utils\\index.tsx","statementMap":{},"fnMap":{},"branchMap":{},"s":{},"f":{},"b":{},"_coverageSchema":"1a1c01bbd47fc00a2c39e90264f33305004495a9","hash":"5b1a2b9775f3380fe3af9e15dfc0dc15aeee144c"}
,"C:\\Users\\Fiki\\Documents\\technical_test\\my_republic\\app\\Utils\\Size\\index.tsx": {"path":"C:\\Users\\Fiki\\Documents\\technical_test\\my_republic\\app\\Utils\\Size\\index.tsx","statementMap":{},"fnMap":{},"branchMap":{},"s":{},"f":{},"b":{},"_coverageSchema":"1a1c01bbd47fc00a2c39e90264f33305004495a9","hash":"cf0574b23e7456e37eb27c313232266d14078627"}
,"C:\\Users\\Fiki\\Documents\\technical_test\\my_republic\\app\\Utils\\Size\\size.utils.tsx": {"path":"C:\\Users\\Fiki\\Documents\\technical_test\\my_republic\\app\\Utils\\Size\\size.utils.tsx","statementMap":{"0":{"start":{"line":3,"column":26},"end":{"line":3,"column":50}},"1":{"start":{"line":10,"column":17},"end":{"line":16,"column":1}},"2":{"start":{"line":11,"column":13},"end":{"line":11,"column":27}},"3":{"start":{"line":13,"column":1},"end":{"line":13,"column":44}},"4":{"start":{"line":13,"column":21},"end":{"line":13,"column":44}},"5":{"start":{"line":15,"column":1},"end":{"line":15,"column":14}},"6":{"start":{"line":18,"column":17},"end":{"line":18,"column":40}},"7":{"start":{"line":18,"column":23},"end":{"line":18,"column":40}},"8":{"start":{"line":20,"column":19},"end":{"line":25,"column":1}},"9":{"start":{"line":27,"column":19},"end":{"line":30,"column":1}},"10":{"start":{"line":38,"column":25},"end":{"line":38,"column":96}},"11":{"start":{"line":38,"column":51},"end":{"line":38,"column":96}},"12":{"start":{"line":46,"column":26},"end":{"line":46,"column":87}},"13":{"start":{"line":46,"column":53},"end":{"line":46,"column":87}},"14":{"start":{"line":54,"column":27},"end":{"line":54,"column":92}},"15":{"start":{"line":54,"column":55},"end":{"line":54,"column":92}},"16":{"start":{"line":62,"column":25},"end":{"line":62,"column":118}},"17":{"start":{"line":62,"column":56},"end":{"line":62,"column":117}}},"fnMap":{"0":{"name":"(anonymous_0)","decl":{"start":{"line":10,"column":17},"end":{"line":10,"column":18}},"loc":{"start":{"line":10,"column":31},"end":{"line":16,"column":1}},"line":10},"1":{"name":"(anonymous_1)","decl":{"start":{"line":18,"column":17},"end":{"line":18,"column":18}},"loc":{"start":{"line":18,"column":23},"end":{"line":18,"column":40}},"line":18},"2":{"name":"(anonymous_2)","decl":{"start":{"line":38,"column":25},"end":{"line":38,"column":26}},"loc":{"start":{"line":38,"column":51},"end":{"line":38,"column":96}},"line":38},"3":{"name":"(anonymous_3)","decl":{"start":{"line":46,"column":26},"end":{"line":46,"column":27}},"loc":{"start":{"line":46,"column":53},"end":{"line":46,"column":87}},"line":46},"4":{"name":"(anonymous_4)","decl":{"start":{"line":54,"column":27},"end":{"line":54,"column":28}},"loc":{"start":{"line":54,"column":55},"end":{"line":54,"column":92}},"line":54},"5":{"name":"(anonymous_5)","decl":{"start":{"line":62,"column":25},"end":{"line":62,"column":26}},"loc":{"start":{"line":62,"column":56},"end":{"line":62,"column":117}},"line":62}},"branchMap":{"0":{"loc":{"start":{"line":13,"column":1},"end":{"line":13,"column":44}},"type":"if","locations":[{"start":{"line":13,"column":1},"end":{"line":13,"column":44}},{"start":{},"end":{}}],"line":13},"1":{"loc":{"start":{"line":62,"column":56},"end":{"line":62,"column":117}},"type":"cond-expr","locations":[{"start":{"line":62,"column":69},"end":{"line":62,"column":77}},{"start":{"line":62,"column":80},"end":{"line":62,"column":117}}],"line":62}},"s":{"0":2,"1":2,"2":3,"3":3,"4":0,"5":3,"6":2,"7":3,"8":2,"9":2,"10":2,"11":1,"12":2,"13":1,"14":2,"15":1,"16":2,"17":3},"f":{"0":3,"1":3,"2":1,"3":1,"4":1,"5":3},"b":{"0":[0,3],"1":[0,3]},"_coverageSchema":"1a1c01bbd47fc00a2c39e90264f33305004495a9","hash":"18e41715f72376b374d77ef87e9361ced45526bc"}
}
