{"C:\\Users\\Fiki\\Documents\\technical_test\\gpscam_myr\\components\\Button\\Button.component.config.tsx": {"path":"C:\\Users\\Fiki\\Documents\\technical_test\\gpscam_myr\\components\\Button\\Button.component.config.tsx","statementMap":{"0":{"start":{"line":1,"column":20},"end":{"line":1,"column":28}}},"fnMap":{},"branchMap":{},"s":{"0":1},"f":{},"b":{},"_coverageSchema":"1a1c01bbd47fc00a2c39e90264f33305004495a9","hash":"3d458c5c994c8ab62b4f56df4d034c6605b20cb3"}
,"C:\\Users\\Fiki\\Documents\\technical_test\\gpscam_myr\\components\\Button\\Button.component.tsx": {"path":"C:\\Users\\Fiki\\Documents\\technical_test\\gpscam_myr\\components\\Button\\Button.component.tsx","statementMap":{"0":{"start":{"line":15,"column":4},"end":{"line":15,"column":13}},"1":{"start":{"line":17,"column":15},"end":{"line":23,"column":1}},"2":{"start":{"line":18,"column":1},"end":{"line":22,"column":8}},"3":{"start":{"line":25,"column":0},"end":{"line":25,"column":40}}},"fnMap":{"0":{"name":"(anonymous_0)","decl":{"start":{"line":17,"column":15},"end":{"line":17,"column":16}},"loc":{"start":{"line":18,"column":1},"end":{"line":22,"column":8}},"line":18}},"branchMap":{},"s":{"0":1,"1":1,"2":4,"3":1},"f":{"0":4},"b":{},"_coverageSchema":"1a1c01bbd47fc00a2c39e90264f33305004495a9","hash":"09b31e794d26d8e6ee547719dc04ccba7fa00035"}
,"C:\\Users\\Fiki\\Documents\\technical_test\\gpscam_myr\\components\\GeneralText\\GeneralText.component.config.tsx": {"path":"C:\\Users\\Fiki\\Documents\\technical_test\\gpscam_myr\\components\\GeneralText\\GeneralText.component.config.tsx","statementMap":{"0":{"start":{"line":1,"column":20},"end":{"line":1,"column":33}}},"fnMap":{},"branchMap":{},"s":{"0":1},"f":{},"b":{},"_coverageSchema":"1a1c01bbd47fc00a2c39e90264f33305004495a9","hash":"6eee6ef8fe50fb45e2e9dc80244d7675547abdf7"}
,"C:\\Users\\Fiki\\Documents\\technical_test\\gpscam_myr\\components\\GeneralText\\GeneralText.component.tsx": {"path":"C:\\Users\\Fiki\\Documents\\technical_test\\gpscam_myr\\components\\GeneralText\\GeneralText.component.tsx","statementMap":{"0":{"start":{"line":14,"column":4},"end":{"line":14,"column":13}},"1":{"start":{"line":21,"column":20},"end":{"line":25,"column":1}},"2":{"start":{"line":22,"column":1},"end":{"line":24,"column":8}},"3":{"start":{"line":27,"column":0},"end":{"line":27,"column":45}}},"fnMap":{"0":{"name":"(anonymous_0)","decl":{"start":{"line":21,"column":20},"end":{"line":21,"column":21}},"loc":{"start":{"line":22,"column":1},"end":{"line":24,"column":8}},"line":22}},"branchMap":{"0":{"loc":{"start":{"line":21,"column":49},"end":{"line":21,"column":63}},"type":"default-arg","locations":[{"start":{"line":21,"column":56},"end":{"line":21,"column":63}}],"line":21}},"s":{"0":1,"1":1,"2":2,"3":1},"f":{"0":2},"b":{"0":[1]},"_coverageSchema":"1a1c01bbd47fc00a2c39e90264f33305004495a9","hash":"f8ac677113ac3afbf8e66be11bb00f22dff94f09"}
,"C:\\Users\\Fiki\\Documents\\technical_test\\gpscam_myr\\constants\\Constant.tsx": {"path":"C:\\Users\\Fiki\\Documents\\technical_test\\gpscam_myr\\constants\\Constant.tsx","statementMap":{"0":{"start":{"line":1,"column":17},"end":{"line":30,"column":1}}},"fnMap":{},"branchMap":{},"s":{"0":2},"f":{},"b":{},"_coverageSchema":"1a1c01bbd47fc00a2c39e90264f33305004495a9","hash":"b4e91c40d8838539adbefd917980e47829926632"}
,"C:\\Users\\Fiki\\Documents\\technical_test\\gpscam_myr\\constants\\index.tsx": {"path":"C:\\Users\\Fiki\\Documents\\technical_test\\gpscam_myr\\constants\\index.tsx","statementMap":{},"fnMap":{},"branchMap":{},"s":{},"f":{},"b":{},"_coverageSchema":"1a1c01bbd47fc00a2c39e90264f33305004495a9","hash":"352f42def3900284c3b3d982dc7d53488eb7e9e3"}
,"C:\\Users\\Fiki\\Documents\\technical_test\\gpscam_myr\\utils\\index.tsx": {"path":"C:\\Users\\Fiki\\Documents\\technical_test\\gpscam_myr\\utils\\index.tsx","statementMap":{},"fnMap":{},"branchMap":{},"s":{},"f":{},"b":{},"_coverageSchema":"1a1c01bbd47fc00a2c39e90264f33305004495a9","hash":"cc1b39fbdbcf158e4268af4e9d1dd18a2de62bd9"}
,"C:\\Users\\Fiki\\Documents\\technical_test\\gpscam_myr\\utils\\mapAndDate\\index.ts": {"path":"C:\\Users\\Fiki\\Documents\\technical_test\\gpscam_myr\\utils\\mapAndDate\\index.ts","statementMap":{},"fnMap":{},"branchMap":{},"s":{},"f":{},"b":{},"_coverageSchema":"1a1c01bbd47fc00a2c39e90264f33305004495a9","hash":"4bcec588c1ef97d182dc4acd7d181b20bd3401ef"}
,"C:\\Users\\Fiki\\Documents\\technical_test\\gpscam_myr\\utils\\mapAndDate\\mapAndDate.utils.ts": {"path":"C:\\Users\\Fiki\\Documents\\technical_test\\gpscam_myr\\utils\\mapAndDate\\mapAndDate.utils.ts","statementMap":{"0":{"start":{"line":10,"column":0},"end":{"line":10,"column":18}},"1":{"start":{"line":11,"column":0},"end":{"line":11,"column":23}},"2":{"start":{"line":18,"column":39},"end":{"line":68,"column":1}},"3":{"start":{"line":19,"column":30},"end":{"line":19,"column":34}},"4":{"start":{"line":21,"column":20},"end":{"line":21,"column":70}},"5":{"start":{"line":23,"column":1},"end":{"line":25,"column":2}},"6":{"start":{"line":24,"column":2},"end":{"line":24,"column":53}},"7":{"start":{"line":27,"column":18},"end":{"line":29,"column":3}},"8":{"start":{"line":31,"column":43},"end":{"line":31,"column":58}},"9":{"start":{"line":33,"column":43},"end":{"line":33,"column":48}},"10":{"start":{"line":34,"column":10},"end":{"line":34,"column":24}},"11":{"start":{"line":36,"column":1},"end":{"line":42,"column":2}},"12":{"start":{"line":37,"column":2},"end":{"line":37,"column":15}},"13":{"start":{"line":38,"column":2},"end":{"line":38,"column":23}},"14":{"start":{"line":39,"column":8},"end":{"line":42,"column":2}},"15":{"start":{"line":40,"column":2},"end":{"line":40,"column":16}},"16":{"start":{"line":41,"column":2},"end":{"line":41,"column":23}},"17":{"start":{"line":44,"column":18},"end":{"line":44,"column":62}},"18":{"start":{"line":46,"column":1},"end":{"line":58,"column":2}},"19":{"start":{"line":47,"column":30},"end":{"line":47,"column":73}},"20":{"start":{"line":48,"column":2},"end":{"line":48,"column":75}},"21":{"start":{"line":48,"column":28},"end":{"line":48,"column":75}},"22":{"start":{"line":50,"column":19},"end":{"line":50,"column":146}},"23":{"start":{"line":52,"column":2},"end":{"line":54,"column":3}},"24":{"start":{"line":53,"column":3},"end":{"line":53,"column":47}},"25":{"start":{"line":56,"column":2},"end":{"line":56,"column":51}},"26":{"start":{"line":57,"column":2},"end":{"line":57,"column":17}},"27":{"start":{"line":60,"column":1},"end":{"line":67,"column":3}}},"fnMap":{"0":{"name":"(anonymous_0)","decl":{"start":{"line":18,"column":39},"end":{"line":18,"column":40}},"loc":{"start":{"line":18,"column":83},"end":{"line":68,"column":1}},"line":18}},"branchMap":{"0":{"loc":{"start":{"line":23,"column":1},"end":{"line":25,"column":2}},"type":"if","locations":[{"start":{"line":23,"column":1},"end":{"line":25,"column":2}},{"start":{},"end":{}}],"line":23},"1":{"loc":{"start":{"line":36,"column":1},"end":{"line":42,"column":2}},"type":"if","locations":[{"start":{"line":36,"column":1},"end":{"line":42,"column":2}},{"start":{"line":39,"column":8},"end":{"line":42,"column":2}}],"line":36},"2":{"loc":{"start":{"line":39,"column":8},"end":{"line":42,"column":2}},"type":"if","locations":[{"start":{"line":39,"column":8},"end":{"line":42,"column":2}},{"start":{},"end":{}}],"line":39},"3":{"loc":{"start":{"line":48,"column":2},"end":{"line":48,"column":75}},"type":"if","locations":[{"start":{"line":48,"column":2},"end":{"line":48,"column":75}},{"start":{},"end":{}}],"line":48},"4":{"loc":{"start":{"line":52,"column":2},"end":{"line":54,"column":3}},"type":"if","locations":[{"start":{"line":52,"column":2},"end":{"line":54,"column":3}},{"start":{},"end":{}}],"line":52},"5":{"loc":{"start":{"line":65,"column":12},"end":{"line":65,"column":50}},"type":"cond-expr","locations":[{"start":{"line":65,"column":23},"end":{"line":65,"column":43}},{"start":{"line":65,"column":46},"end":{"line":65,"column":50}}],"line":65}},"s":{"0":2,"1":2,"2":2,"3":7,"4":7,"5":7,"6":1,"7":6,"8":6,"9":6,"10":6,"11":6,"12":1,"13":1,"14":5,"15":2,"16":2,"17":6,"18":6,"19":6,"20":6,"21":1,"22":5,"23":4,"24":4,"25":2,"26":2,"27":6},"f":{"0":7},"b":{"0":[1,6],"1":[1,5],"2":[2,3],"3":[1,5],"4":[4,0],"5":[5,1]},"_coverageSchema":"1a1c01bbd47fc00a2c39e90264f33305004495a9","hash":"51037cba79b7618aba21660f50a5b4659f6c477c"}
,"C:\\Users\\Fiki\\Documents\\technical_test\\gpscam_myr\\utils\\size\\index.ts": {"path":"C:\\Users\\Fiki\\Documents\\technical_test\\gpscam_myr\\utils\\size\\index.ts","statementMap":{},"fnMap":{},"branchMap":{},"s":{},"f":{},"b":{},"_coverageSchema":"1a1c01bbd47fc00a2c39e90264f33305004495a9","hash":"b6ca1458261cfce9402e6a65a873df14a6732011"}
,"C:\\Users\\Fiki\\Documents\\technical_test\\gpscam_myr\\utils\\size\\size.utils.ts": {"path":"C:\\Users\\Fiki\\Documents\\technical_test\\gpscam_myr\\utils\\size\\size.utils.ts","statementMap":{"0":{"start":{"line":3,"column":26},"end":{"line":3,"column":50}},"1":{"start":{"line":10,"column":17},"end":{"line":16,"column":1}},"2":{"start":{"line":11,"column":13},"end":{"line":11,"column":27}},"3":{"start":{"line":13,"column":1},"end":{"line":13,"column":44}},"4":{"start":{"line":13,"column":21},"end":{"line":13,"column":44}},"5":{"start":{"line":15,"column":1},"end":{"line":15,"column":14}},"6":{"start":{"line":18,"column":17},"end":{"line":18,"column":40}},"7":{"start":{"line":18,"column":23},"end":{"line":18,"column":40}},"8":{"start":{"line":20,"column":19},"end":{"line":25,"column":1}},"9":{"start":{"line":27,"column":19},"end":{"line":30,"column":1}},"10":{"start":{"line":38,"column":25},"end":{"line":38,"column":96}},"11":{"start":{"line":38,"column":51},"end":{"line":38,"column":96}},"12":{"start":{"line":46,"column":26},"end":{"line":46,"column":87}},"13":{"start":{"line":46,"column":53},"end":{"line":46,"column":87}},"14":{"start":{"line":54,"column":27},"end":{"line":54,"column":92}},"15":{"start":{"line":54,"column":55},"end":{"line":54,"column":92}},"16":{"start":{"line":62,"column":25},"end":{"line":62,"column":118}},"17":{"start":{"line":62,"column":56},"end":{"line":62,"column":117}}},"fnMap":{"0":{"name":"(anonymous_0)","decl":{"start":{"line":10,"column":17},"end":{"line":10,"column":18}},"loc":{"start":{"line":10,"column":31},"end":{"line":16,"column":1}},"line":10},"1":{"name":"(anonymous_1)","decl":{"start":{"line":18,"column":17},"end":{"line":18,"column":18}},"loc":{"start":{"line":18,"column":23},"end":{"line":18,"column":40}},"line":18},"2":{"name":"(anonymous_2)","decl":{"start":{"line":38,"column":25},"end":{"line":38,"column":26}},"loc":{"start":{"line":38,"column":51},"end":{"line":38,"column":96}},"line":38},"3":{"name":"(anonymous_3)","decl":{"start":{"line":46,"column":26},"end":{"line":46,"column":27}},"loc":{"start":{"line":46,"column":53},"end":{"line":46,"column":87}},"line":46},"4":{"name":"(anonymous_4)","decl":{"start":{"line":54,"column":27},"end":{"line":54,"column":28}},"loc":{"start":{"line":54,"column":55},"end":{"line":54,"column":92}},"line":54},"5":{"name":"(anonymous_5)","decl":{"start":{"line":62,"column":25},"end":{"line":62,"column":26}},"loc":{"start":{"line":62,"column":56},"end":{"line":62,"column":117}},"line":62}},"branchMap":{"0":{"loc":{"start":{"line":13,"column":1},"end":{"line":13,"column":44}},"type":"if","locations":[{"start":{"line":13,"column":1},"end":{"line":13,"column":44}},{"start":{},"end":{}}],"line":13},"1":{"loc":{"start":{"line":62,"column":56},"end":{"line":62,"column":117}},"type":"cond-expr","locations":[{"start":{"line":62,"column":69},"end":{"line":62,"column":77}},{"start":{"line":62,"column":80},"end":{"line":62,"column":117}}],"line":62}},"s":{"0":2,"1":2,"2":3,"3":3,"4":0,"5":3,"6":2,"7":3,"8":2,"9":2,"10":2,"11":1,"12":2,"13":1,"14":2,"15":1,"16":2,"17":3},"f":{"0":3,"1":3,"2":1,"3":1,"4":1,"5":3},"b":{"0":[0,3],"1":[0,3]},"_coverageSchema":"1a1c01bbd47fc00a2c39e90264f33305004495a9","hash":"32e0cdd4babd0698a2211b8ded0f14ca5d8079fd"}
}
