TN:
SF:app\Components\Button\Button.component.config.tsx
FNF:0
FNH:0
DA:1,1
LF:1
LH:1
BRF:0
BRH:0
end_of_record
TN:
SF:app\Components\Button\Button.component.tsx
FN:17,(anonymous_0)
FNF:1
FNH:1
FNDA:4,(anonymous_0)
DA:15,1
DA:17,1
DA:18,4
DA:25,1
LF:4
LH:4
BRF:0
BRH:0
end_of_record
TN:
SF:app\Components\GeneralText\GeneralText.component.config.tsx
FNF:0
FNH:0
DA:1,1
LF:1
LH:1
BRF:0
BRH:0
end_of_record
TN:
SF:app\Components\GeneralText\GeneralText.component.tsx
FN:21,(anonymous_0)
FNF:1
FNH:1
FNDA:2,(anonymous_0)
DA:14,1
DA:21,1
DA:22,2
DA:27,1
LF:4
LH:4
BRDA:21,0,0,1
BRF:1
BRH:1
end_of_record
TN:
SF:app\Constant\Constant.tsx
FNF:0
FNH:0
DA:1,2
LF:1
LH:1
BRF:0
BRH:0
end_of_record
TN:
SF:app\Constant\index.tsx
FNF:0
FNH:0
LF:0
LH:0
BRF:0
BRH:0
end_of_record
TN:
SF:app\Utils\index.tsx
FNF:0
FNH:0
LF:0
LH:0
BRF:0
BRH:0
end_of_record
TN:
SF:app\Utils\Size\index.tsx
FNF:0
FNH:0
LF:0
LH:0
BRF:0
BRH:0
end_of_record
TN:
SF:app\Utils\Size\size.utils.tsx
FN:10,(anonymous_0)
FN:18,(anonymous_1)
FN:38,(anonymous_2)
FN:46,(anonymous_3)
FN:54,(anonymous_4)
FN:62,(anonymous_5)
FNF:6
FNH:6
FNDA:3,(anonymous_0)
FNDA:3,(anonymous_1)
FNDA:1,(anonymous_2)
FNDA:1,(anonymous_3)
FNDA:1,(anonymous_4)
FNDA:3,(anonymous_5)
DA:3,2
DA:10,2
DA:11,3
DA:13,3
DA:15,3
DA:18,3
DA:20,2
DA:27,2
DA:38,2
DA:46,2
DA:54,2
DA:62,3
LF:12
LH:12
BRDA:13,0,0,0
BRDA:13,0,1,3
BRDA:62,1,0,0
BRDA:62,1,1,3
BRF:4
BRH:2
end_of_record
